<?xml version="1.0" encoding="UTF-8"?>
<testsuite xmlns:xsi="http://www.w3.org/2001/XMLSchema-instance" xsi:noNamespaceSchemaLocation="https://maven.apache.org/surefire/maven-surefire-plugin/xsd/surefire-test-report.xsd" name="com.example.demo.HelloControllerTest" time="8.334" tests="2" errors="0" skipped="0" failures="0">
  <properties>
[...]
</properties>
  <testcase name="helloEndpointWorks" classname="com.example.demo.HelloControllerTest" time="2.585"/>
  <testcase name="healthEndpointWorks" classname="com.example.demo.HelloControllerTest" time="0.015"/>
</testsuite>